<?xml version="1.0" encoding="UTF-8"?>
<testsuite xmlns:xsi="http://www.w3.org/2001/XMLSchema-instance" xsi:noNamespaceSchemaLocation="https://maven.apache.org/surefire/maven-surefire-plugin/xsd/surefire-test-report-3.0.xsd" version="3.0" name="GeoServiceImplTests" time="0.148" tests="7" errors="0" skipped="0" failures="0">
  <properties>
[...]
</properties>
  <testcase name="testExceptionByCoordinates" classname="GeoServiceImplTests" time="0.039"/>
  <testcase name="testLocationByIp(Location, String)[1]" classname="GeoServiceImplTests" time="0.029"/>
  <testcase name="testLocationByIp(Location, String)[2]" classname="GeoServiceImplTests" time="0.002"/>
  <testcase name="testLocationByIp(Location, String)[3]" classname="GeoServiceImplTests" time="0.002"/>
  <testcase name="testLocationByIp(Location, String)[4]" classname="GeoServiceImplTests" time="0.002"/>
  <testcase name="testLocationByIp(Location, String)[5]" classname="GeoServiceImplTests" time="0.001"/>
  <testcase name="testLocationByIp(Location, String)[6]" classname="GeoServiceImplTests" time="0.002"/>
</testsuite>